This is pdfTeX, Version 3.14159265-2.6-1.40.16 (TeX Live 2015) (preloaded format=pdflatex 2015.5.24)  8 FEB 2016 16:49
entering extended mode
 restricted \write18 enabled.
 file:line:error style messages enabled.
 %&-line parsing enabled.
**Additional_PmagPy_Examples.tex
(./Additional_PmagPy_Examples.tex
LaTeX2e <2015/01/01>
Babel <3.9l> and hyphenation patterns for 79 languages loaded.
(/usr/local/texlive/2015/texmf-dist/tex/latex/base/article.cls
Document Class: article 2014/09/29 v1.4h Standard LaTeX document class
(/usr/local/texlive/2015/texmf-dist/tex/latex/base/size10.clo
File: size10.clo 2014/09/29 v1.4h Standard LaTeX file (size option)
)
\c@part=\count79
\c@section=\count80
\c@subsection=\count81
\c@subsubsection=\count82
\c@paragraph=\count83
\c@subparagraph=\count84
\c@figure=\count85
\c@table=\count86
\abovecaptionskip=\skip41
\belowcaptionskip=\skip42
\bibindent=\dimen102
) (/usr/local/texlive/2015/texmf-dist/tex/latex/graphics/graphicx.sty
Package: graphicx 2014/10/28 v1.0g Enhanced LaTeX Graphics (DPC,SPQR)
 (/usr/local/texlive/2015/texmf-dist/tex/latex/graphics/keyval.sty
Package: keyval 2014/10/28 v1.15 key=value parser (DPC)
\KV@toks@=\toks14
) (/usr/local/texlive/2015/texmf-dist/tex/latex/graphics/graphics.sty
Package: graphics 2014/10/28 v1.0p Standard LaTeX Graphics (DPC,SPQR)
 (/usr/local/texlive/2015/texmf-dist/tex/latex/graphics/trig.sty
Package: trig 1999/03/16 v1.09 sin cos tan (DPC)
) (/usr/local/texlive/2015/texmf-dist/tex/latex/latexconfig/graphics.cfg
File: graphics.cfg 2010/04/23 v1.9 graphics configuration of TeX Live
)
Package graphics Info: Driver file: pdftex.def on input line 94.
 (/usr/local/texlive/2015/texmf-dist/tex/latex/pdftex-def/pdftex.def
File: pdftex.def 2011/05/27 v0.06d Graphics/color for pdfTeX
 (/usr/local/texlive/2015/texmf-dist/tex/generic/oberdiek/infwarerr.sty
Package: infwarerr 2010/04/08 v1.3 Providing info/warning/error messages (HO)
) (/usr/local/texlive/2015/texmf-dist/tex/generic/oberdiek/ltxcmds.sty
Package: ltxcmds 2011/11/09 v1.22 LaTeX kernel commands for general use (HO)
)
\Gread@gobject=\count87
))
\Gin@req@height=\dimen103
\Gin@req@width=\dimen104
) (/usr/local/texlive/2015/texmf-dist/tex/latex/adjustbox/adjustbox.sty
Package: adjustbox 2012/05/21 v1.0 Adjusting TeX boxes (trim, clip, ...)
 (/usr/local/texlive/2015/texmf-dist/tex/latex/xkeyval/xkeyval.sty
Package: xkeyval 2014/12/03 v2.7a package option processing (HA)
 (/usr/local/texlive/2015/texmf-dist/tex/generic/xkeyval/xkeyval.tex (/usr/local/texlive/2015/texmf-dist/tex/generic/xkeyval/xkvutils.tex
\XKV@toks=\toks15
\XKV@tempa@toks=\toks16
)
\XKV@depth=\count88
File: xkeyval.tex 2014/12/03 v2.7a key=value parser (HA)
)) (/usr/local/texlive/2015/texmf-dist/tex/latex/adjustbox/adjcalc.sty
Package: adjcalc 2012/05/16 v1.1 Provides advanced setlength with multiple back-ends (calc, etex, pgfmath)
) (/usr/local/texlive/2015/texmf-dist/tex/latex/adjustbox/trimclip.sty
Package: trimclip 2012/05/16 v1.0 Trim and clip general TeX material
 (/usr/local/texlive/2015/texmf-dist/tex/latex/collectbox/collectbox.sty
Package: collectbox 2012/05/17 v0.4b Collect macro arguments as boxes
\collectedbox=\box26
)
\tc@llx=\dimen105
\tc@lly=\dimen106
\tc@urx=\dimen107
\tc@ury=\dimen108
Package trimclip Info: Using driver 'tc-pdftex.def'.
 (/usr/local/texlive/2015/texmf-dist/tex/latex/adjustbox/tc-pdftex.def
File: tc-pdftex.def 2012/05/13 v1.0 Clipping driver for pdftex
))
\adjbox@Width=\dimen109
\adjbox@Height=\dimen110
\adjbox@Depth=\dimen111
\adjbox@Totalheight=\dimen112
 (/usr/local/texlive/2015/texmf-dist/tex/latex/ifoddpage/ifoddpage.sty
Package: ifoddpage 2011/09/13 v1.0 Conditionals for odd/even page detection
\c@checkoddpage=\count89
) (/usr/local/texlive/2015/texmf-dist/tex/latex/varwidth/varwidth.sty
Package: varwidth 2009/03/30 ver 0.92;  Variable-width minipages
\@vwid@box=\box27
\sift@deathcycles=\count90
\@vwid@loff=\dimen113
\@vwid@roff=\dimen114
)) (/usr/local/texlive/2015/texmf-dist/tex/latex/graphics/color.sty
Package: color 2014/10/28 v1.1a Standard LaTeX Color (DPC)
 (/usr/local/texlive/2015/texmf-dist/tex/latex/latexconfig/color.cfg
File: color.cfg 2007/01/18 v1.5 color configuration of teTeX/TeXLive
)
Package color Info: Driver file: pdftex.def on input line 142.
) (/usr/local/texlive/2015/texmf-dist/tex/latex/tools/enumerate.sty
Package: enumerate 2014/10/28 v3.00 enumerate extensions (DPC)
\@enLab=\toks17
) (/usr/local/texlive/2015/texmf-dist/tex/latex/geometry/geometry.sty
Package: geometry 2010/09/12 v5.6 Page Geometry
 (/usr/local/texlive/2015/texmf-dist/tex/generic/oberdiek/ifpdf.sty
Package: ifpdf 2011/01/30 v2.3 Provides the ifpdf switch (HO)
Package ifpdf Info: pdfTeX in PDF mode is detected.
) (/usr/local/texlive/2015/texmf-dist/tex/generic/oberdiek/ifvtex.sty
Package: ifvtex 2010/03/01 v1.5 Detect VTeX and its facilities (HO)
Package ifvtex Info: VTeX not detected.
) (/usr/local/texlive/2015/texmf-dist/tex/generic/ifxetex/ifxetex.sty
Package: ifxetex 2010/09/12 v0.6 Provides ifxetex conditional
)
\Gm@cnth=\count91
\Gm@cntv=\count92
\c@Gm@tempcnt=\count93
\Gm@bindingoffset=\dimen115
\Gm@wd@mp=\dimen116
\Gm@odd@mp=\dimen117
\Gm@even@mp=\dimen118
\Gm@layoutwidth=\dimen119
\Gm@layoutheight=\dimen120
\Gm@layouthoffset=\dimen121
\Gm@layoutvoffset=\dimen122
\Gm@dimlist=\toks18
) (/usr/local/texlive/2015/texmf-dist/tex/latex/amsmath/amsmath.sty
Package: amsmath 2013/01/14 v2.14 AMS math features
\@mathmargin=\skip43

For additional information on amsmath, use the `?' option.
(/usr/local/texlive/2015/texmf-dist/tex/latex/amsmath/amstext.sty
Package: amstext 2000/06/29 v2.01
 (/usr/local/texlive/2015/texmf-dist/tex/latex/amsmath/amsgen.sty
File: amsgen.sty 1999/11/30 v2.0
\@emptytoks=\toks19
\ex@=\dimen123
)) (/usr/local/texlive/2015/texmf-dist/tex/latex/amsmath/amsbsy.sty
Package: amsbsy 1999/11/29 v1.2d
\pmbraise@=\dimen124
) (/usr/local/texlive/2015/texmf-dist/tex/latex/amsmath/amsopn.sty
Package: amsopn 1999/12/14 v2.01 operator names
)
\inf@bad=\count94
LaTeX Info: Redefining \frac on input line 210.
\uproot@=\count95
\leftroot@=\count96
LaTeX Info: Redefining \overline on input line 306.
\classnum@=\count97
\DOTSCASE@=\count98
LaTeX Info: Redefining \ldots on input line 378.
LaTeX Info: Redefining \dots on input line 381.
LaTeX Info: Redefining \cdots on input line 466.
\Mathstrutbox@=\box28
\strutbox@=\box29
\big@size=\dimen125
LaTeX Font Info:    Redeclaring font encoding OML on input line 566.
LaTeX Font Info:    Redeclaring font encoding OMS on input line 567.
\macc@depth=\count99
\c@MaxMatrixCols=\count100
\dotsspace@=\muskip10
\c@parentequation=\count101
\dspbrk@lvl=\count102
\tag@help=\toks20
\row@=\count103
\column@=\count104
\maxfields@=\count105
\andhelp@=\toks21
\eqnshift@=\dimen126
\alignsep@=\dimen127
\tagshift@=\dimen128
\tagwidth@=\dimen129
\totwidth@=\dimen130
\lineht@=\dimen131
\@envbody=\toks22
\multlinegap=\skip44
\multlinetaggap=\skip45
\mathdisplay@stack=\toks23
LaTeX Info: Redefining \[ on input line 2665.
LaTeX Info: Redefining \] on input line 2666.
) (/usr/local/texlive/2015/texmf-dist/tex/latex/amsfonts/amssymb.sty
Package: amssymb 2013/01/14 v3.01 AMS font symbols
 (/usr/local/texlive/2015/texmf-dist/tex/latex/amsfonts/amsfonts.sty
Package: amsfonts 2013/01/14 v3.01 Basic AMSFonts support
\symAMSa=\mathgroup4
\symAMSb=\mathgroup5
LaTeX Font Info:    Overwriting math alphabet `\mathfrak' in version `bold'
(Font)                  U/euf/m/n --> U/euf/b/n on input line 106.
)) (/usr/local/texlive/2015/texmf-dist/tex/latex/eurosym/eurosym.sty
Package: eurosym 1998/08/06 v1.1 European currency symbol ``Euro''
\@eurobox=\box30
) (/usr/local/texlive/2015/texmf-dist/tex/latex/ucs/ucs.sty
Package: ucs 2013/05/11 v2.2 UCS: Unicode input support
 (/usr/local/texlive/2015/texmf-dist/tex/latex/ucs/data/uni-global.def
File: uni-global.def 2013/05/13 UCS: Unicode global data
)
\uc@secondtry=\count106
\uc@combtoks=\toks24
\uc@combtoksb=\toks25
\uc@temptokena=\toks26
) (/usr/local/texlive/2015/texmf-dist/tex/latex/base/inputenc.sty
Package: inputenc 2015/03/17 v1.2c Input encoding file
\inpenc@prehook=\toks27
\inpenc@posthook=\toks28
 (/usr/local/texlive/2015/texmf-dist/tex/latex/ucs/utf8x.def
File: utf8x.def 2004/10/17 UCS: Input encoding UTF-8
)) (/usr/local/texlive/2015/texmf-dist/tex/latex/fancyvrb/fancyvrb.sty
Package: fancyvrb 2008/02/07
 Style option: `fancyvrb' v2.7a, with DG/SPQR fixes, and firstline=lastline fix <2008/02/07> (tvz)
\FV@CodeLineNo=\count107
\FV@InFile=\read1
\FV@TabBox=\box31
\c@FancyVerbLine=\count108
\FV@StepNumber=\count109
\FV@OutFile=\write3
) (/usr/local/texlive/2015/texmf-dist/tex/latex/oberdiek/grffile.sty
Package: grffile 2012/04/05 v1.16 Extended file name support for graphics (HO)
 (/usr/local/texlive/2015/texmf-dist/tex/latex/oberdiek/kvoptions.sty
Package: kvoptions 2011/06/30 v3.11 Key value format for package options (HO)
 (/usr/local/texlive/2015/texmf-dist/tex/generic/oberdiek/kvsetkeys.sty
Package: kvsetkeys 2012/04/25 v1.16 Key value parser (HO)
 (/usr/local/texlive/2015/texmf-dist/tex/generic/oberdiek/etexcmds.sty
Package: etexcmds 2011/02/16 v1.5 Avoid name clashes with e-TeX commands (HO)
 (/usr/local/texlive/2015/texmf-dist/tex/generic/oberdiek/ifluatex.sty
Package: ifluatex 2010/03/01 v1.3 Provides the ifluatex switch (HO)
Package ifluatex Info: LuaTeX not detected.
)
Package etexcmds Info: Could not find \expanded.
(etexcmds)             That can mean that you are not using pdfTeX 1.50 or
(etexcmds)             that some package has redefined \expanded.
(etexcmds)             In the latter case, load this package earlier.
))) (/usr/local/texlive/2015/texmf-dist/tex/generic/oberdiek/pdftexcmds.sty
Package: pdftexcmds 2011/11/29 v0.20 Utility functions of pdfTeX for LuaTeX (HO)
Package pdftexcmds Info: LuaTeX not detected.
Package pdftexcmds Info: \pdf@primitive is available.
Package pdftexcmds Info: \pdf@ifprimitive is available.
Package pdftexcmds Info: \pdfdraftmode found.
)
Package grffile Info: Option `multidot' is set to `true'.
Package grffile Info: Option `extendedchars' is set to `false'.
Package grffile Info: Option `space' is set to `true'.
Package grffile Info: \Gin@ii of package `graphicx' fixed on input line 486.
) (/usr/local/texlive/2015/texmf-dist/tex/latex/hyperref/hyperref.sty
Package: hyperref 2012/11/06 v6.83m Hypertext links for LaTeX
 (/usr/local/texlive/2015/texmf-dist/tex/generic/oberdiek/hobsub-hyperref.sty
Package: hobsub-hyperref 2012/05/28 v1.13 Bundle oberdiek, subset hyperref (HO)
 (/usr/local/texlive/2015/texmf-dist/tex/generic/oberdiek/hobsub-generic.sty
Package: hobsub-generic 2012/05/28 v1.13 Bundle oberdiek, subset generic (HO)
Package: hobsub 2012/05/28 v1.13 Construct package bundles (HO)
Package hobsub Info: Skipping package `infwarerr' (already loaded).
Package hobsub Info: Skipping package `ltxcmds' (already loaded).
Package hobsub Info: Skipping package `ifluatex' (already loaded).
Package hobsub Info: Skipping package `ifvtex' (already loaded).
Package: intcalc 2007/09/27 v1.1 Expandable calculations with integers (HO)
Package hobsub Info: Skipping package `ifpdf' (already loaded).
Package hobsub Info: Skipping package `etexcmds' (already loaded).
Package hobsub Info: Skipping package `kvsetkeys' (already loaded).
Package: kvdefinekeys 2011/04/07 v1.3 Define keys (HO)
Package hobsub Info: Skipping package `pdftexcmds' (already loaded).
Package: pdfescape 2011/11/25 v1.13 Implements pdfTeX's escape features (HO)
Package: bigintcalc 2012/04/08 v1.3 Expandable calculations on big integers (HO)
Package: bitset 2011/01/30 v1.1 Handle bit-vector datatype (HO)
Package: uniquecounter 2011/01/30 v1.2 Provide unlimited unique counter (HO)
)
Package hobsub Info: Skipping package `hobsub' (already loaded).
Package: letltxmacro 2010/09/02 v1.4 Let assignment for LaTeX macros (HO)
Package: hopatch 2012/05/28 v1.2 Wrapper for package hooks (HO)
Package: xcolor-patch 2011/01/30 xcolor patch
Package: atveryend 2011/06/30 v1.8 Hooks at the very end of document (HO)
Package atveryend Info: \enddocument detected (standard20110627).
Package: atbegshi 2011/10/05 v1.16 At begin shipout hook (HO)
Package: refcount 2011/10/16 v3.4 Data extraction from label references (HO)
Package: hycolor 2011/01/30 v1.7 Color options for hyperref/bookmark (HO)
) (/usr/local/texlive/2015/texmf-dist/tex/latex/oberdiek/auxhook.sty
Package: auxhook 2011/03/04 v1.3 Hooks for auxiliary files (HO)
)
\@linkdim=\dimen132
\Hy@linkcounter=\count110
\Hy@pagecounter=\count111
 (/usr/local/texlive/2015/texmf-dist/tex/latex/hyperref/pd1enc.def
File: pd1enc.def 2012/11/06 v6.83m Hyperref: PDFDocEncoding definition (HO)
)
\Hy@SavedSpaceFactor=\count112
 (/usr/local/texlive/2015/texmf-dist/tex/latex/latexconfig/hyperref.cfg
File: hyperref.cfg 2002/06/06 v1.2 hyperref configuration of TeXLive
)
Package hyperref Info: Hyper figures OFF on input line 4443.
Package hyperref Info: Link nesting OFF on input line 4448.
Package hyperref Info: Hyper index ON on input line 4451.
Package hyperref Info: Plain pages OFF on input line 4458.
Package hyperref Info: Backreferencing OFF on input line 4463.
Package hyperref Info: Implicit mode ON; LaTeX internals redefined.
Package hyperref Info: Bookmarks ON on input line 4688.
\c@Hy@tempcnt=\count113
 (/usr/local/texlive/2015/texmf-dist/tex/latex/url/url.sty
\Urlmuskip=\muskip11
Package: url 2013/09/16  ver 3.4  Verb mode for urls, etc.
)
LaTeX Info: Redefining \url on input line 5041.
\XeTeXLinkMargin=\dimen133
\Fld@menulength=\count114
\Field@Width=\dimen134
\Fld@charsize=\dimen135
Package hyperref Info: Hyper figures OFF on input line 6295.
Package hyperref Info: Link nesting OFF on input line 6300.
Package hyperref Info: Hyper index ON on input line 6303.
Package hyperref Info: backreferencing OFF on input line 6310.
Package hyperref Info: Link coloring OFF on input line 6315.
Package hyperref Info: Link coloring with OCG OFF on input line 6320.
Package hyperref Info: PDF/A mode OFF on input line 6325.
LaTeX Info: Redefining \ref on input line 6365.
LaTeX Info: Redefining \pageref on input line 6369.
\Hy@abspage=\count115
\c@Item=\count116
\c@Hfootnote=\count117
)

Package hyperref Message: Driver (autodetected): hpdftex.

(/usr/local/texlive/2015/texmf-dist/tex/latex/hyperref/hpdftex.def
File: hpdftex.def 2012/11/06 v6.83m Hyperref driver for pdfTeX
\Fld@listcount=\count118
\c@bookmark@seq@number=\count119
 (/usr/local/texlive/2015/texmf-dist/tex/latex/oberdiek/rerunfilecheck.sty
Package: rerunfilecheck 2011/04/15 v1.7 Rerun checks for auxiliary files (HO)
Package uniquecounter Info: New unique counter `rerunfilecheck' on input line 282.
)
\Hy@SectionHShift=\skip46
) (/usr/local/texlive/2015/texmf-dist/tex/latex/tools/longtable.sty
Package: longtable 2014/10/28 v4.11 Multi-page Table package (DPC)
\LTleft=\skip47
\LTright=\skip48
\LTpre=\skip49
\LTpost=\skip50
\LTchunksize=\count120
\LTcapwidth=\dimen136
\LT@head=\box32
\LT@firsthead=\box33
\LT@foot=\box34
\LT@lastfoot=\box35
\LT@cols=\count121
\LT@rows=\count122
\c@LT@tables=\count123
\c@LT@chunks=\count124
\LT@p@ftn=\toks29
) (/usr/local/texlive/2015/texmf-dist/tex/latex/booktabs/booktabs.sty
Package: booktabs 2005/04/14 v1.61803 publication quality tables
\heavyrulewidth=\dimen137
\lightrulewidth=\dimen138
\cmidrulewidth=\dimen139
\belowrulesep=\dimen140
\belowbottomsep=\dimen141
\aboverulesep=\dimen142
\abovetopsep=\dimen143
\cmidrulesep=\dimen144
\cmidrulekern=\dimen145
\defaultaddspace=\dimen146
\@cmidla=\count125
\@cmidlb=\count126
\@aboverulesep=\dimen147
\@belowrulesep=\dimen148
\@thisruleclass=\count127
\@lastruleclass=\count128
\@thisrulewidth=\dimen149
) (/usr/local/texlive/2015/texmf-dist/tex/generic/ulem/ulem.sty
\UL@box=\box36
\UL@hyphenbox=\box37
\UL@skip=\skip51
\UL@hook=\toks30
\UL@height=\dimen150
\UL@pe=\count129
\UL@pixel=\dimen151
\ULC@box=\box38
Package: ulem 2012/05/18
\ULdepth=\dimen152
)
Package color Info: Redefining color red on input line 52.
Package color Info: Redefining color green on input line 53.
Package color Info: Redefining color blue on input line 55.
Package color Info: Redefining color cyan on input line 57.
Package color Info: Redefining color lightgray on input line 58.
Package hyperref Info: Option `breaklinks' set `true' on input line 235.
Package hyperref Info: Option `colorlinks' set `true' on input line 235.
 (/Users/Laurentia/0000_Github/2016_Tauxe-et-al_PmagPy_Notebooks/output_latex/.texpadtmp/Additional_PmagPy_Examples.aux)
\openout1 = `Additional_PmagPy_Examples.aux'.

LaTeX Font Info:    Checking defaults for OML/cmm/m/it on input line 243.
LaTeX Font Info:    ... okay on input line 243.
LaTeX Font Info:    Checking defaults for T1/cmr/m/n on input line 243.
LaTeX Font Info:    ... okay on input line 243.
LaTeX Font Info:    Checking defaults for OT1/cmr/m/n on input line 243.
LaTeX Font Info:    ... okay on input line 243.
LaTeX Font Info:    Checking defaults for OMS/cmsy/m/n on input line 243.
LaTeX Font Info:    ... okay on input line 243.
LaTeX Font Info:    Checking defaults for OMX/cmex/m/n on input line 243.
LaTeX Font Info:    ... okay on input line 243.
LaTeX Font Info:    Checking defaults for U/cmr/m/n on input line 243.
LaTeX Font Info:    ... okay on input line 243.
LaTeX Font Info:    Checking defaults for PD1/pdf/m/n on input line 243.
LaTeX Font Info:    ... okay on input line 243.
 (/usr/local/texlive/2015/texmf-dist/tex/context/base/supp-pdf.mkii
[Loading MPS to PDF converter (version 2006.09.02).]
\scratchcounter=\count130
\scratchdimen=\dimen153
\scratchbox=\box39
\nofMPsegments=\count131
\nofMParguments=\count132
\everyMPshowfont=\toks31
\MPscratchCnt=\count133
\MPscratchDim=\dimen154
\MPnumerator=\count134
\makeMPintoPDFobject=\count135
\everyMPtoPDFconversion=\toks32
) (/usr/local/texlive/2015/texmf-dist/tex/latex/oberdiek/epstopdf-base.sty
Package: epstopdf-base 2010/02/09 v2.5 Base part for package epstopdf
 (/usr/local/texlive/2015/texmf-dist/tex/latex/oberdiek/grfext.sty
Package: grfext 2010/08/19 v1.1 Manage graphics extensions (HO)
)
Package grfext Info: Graphics extension search list:
(grfext)             [.png,.pdf,.jpg,.mps,.jpeg,.jbig2,.jb2,.PNG,.PDF,.JPG,.JPEG,.JBIG2,.JB2,.eps]
(grfext)             \AppendGraphicsExtensions on input line 452.
 (/usr/local/texlive/2015/texmf-dist/tex/latex/latexconfig/epstopdf-sys.cfg
File: epstopdf-sys.cfg 2010/07/13 v1.3 Configuration of (r)epstopdf for TeX Live
))
*geometry* driver: auto-detecting
*geometry* detected driver: pdftex

Package geometry Warning: The marginal notes overrun the paper.
     Add 3.73001pt and more to the right margin.

*geometry* verbose mode - [ preamble ] result:
* driver: pdftex
* paper: <default>
* layout: <same size as paper>
* layoutoffset:(h,v)=(0.0pt,0.0pt)
* modes: 
* h-part:(L,W,R)=(72.26999pt, 469.75502pt, 72.26999pt)
* v-part:(T,H,B)=(72.26999pt, 650.43001pt, 72.26999pt)
* \paperwidth=614.295pt
* \paperheight=794.96999pt
* \textwidth=469.75502pt
* \textheight=650.43001pt
* \oddsidemargin=0.0pt
* \evensidemargin=0.0pt
* \topmargin=-37.0pt
* \headheight=12.0pt
* \headsep=25.0pt
* \topskip=10.0pt
* \footskip=30.0pt
* \marginparwidth=65.0pt
* \marginparsep=11.0pt
* \columnsep=10.0pt
* \skip\footins=9.0pt plus 4.0pt minus 2.0pt
* \hoffset=0.0pt
* \voffset=0.0pt
* \mag=1000
* \@twocolumnfalse
* \@twosidefalse
* \@mparswitchfalse
* \@reversemarginfalse
* (1in=72.27pt=25.4mm, 1cm=28.453pt)

(/usr/local/texlive/2015/texmf-dist/tex/latex/ucs/ucsencs.def
File: ucsencs.def 2011/01/21 Fixes to fontencodings LGR, T3
)
\AtBeginShipoutBox=\box40
Package hyperref Info: Link coloring ON on input line 243.
 (/usr/local/texlive/2015/texmf-dist/tex/latex/hyperref/nameref.sty
Package: nameref 2012/10/27 v2.43 Cross-referencing by name of section
 (/usr/local/texlive/2015/texmf-dist/tex/generic/oberdiek/gettitlestring.sty
Package: gettitlestring 2010/12/03 v1.4 Cleanup title references (HO)
)
\c@section@level=\count136
)
LaTeX Info: Redefining \ref on input line 243.
LaTeX Info: Redefining \pageref on input line 243.
LaTeX Info: Redefining \nameref on input line 243.
 (/Users/Laurentia/0000_Github/2016_Tauxe-et-al_PmagPy_Notebooks/output_latex/.texpadtmp/Additional_PmagPy_Examples.out) (/Users/Laurentia/0000_Github/2016_Tauxe-et-al_PmagPy_Notebooks/output_latex/.texpadtmp/Additional_PmagPy_Examples.out)
\@outlinefile=\write4
\openout4 = `Additional_PmagPy_Examples.out'.

LaTeX Font Info:    Try loading font information for U+msa on input line 256.
 (/usr/local/texlive/2015/texmf-dist/tex/latex/amsfonts/umsa.fd
File: umsa.fd 2013/01/14 v3.01 AMS symbols A
)
LaTeX Font Info:    Try loading font information for U+msb on input line 256.
 (/usr/local/texlive/2015/texmf-dist/tex/latex/amsfonts/umsb.fd
File: umsb.fd 2013/01/14 v3.01 AMS symbols B
)

LaTeX Warning: Hyper reference `The-dipole-equation' on page 1 undefined on input line 263.


LaTeX Warning: Hyper reference `Get-local-geomagnetic-field-estimate-from-IGRF' on page 1 undefined on input line 265.


LaTeX Warning: Hyper reference `Plotting-Directions' on page 1 undefined on input line 266.


LaTeX Warning: Hyper reference `Calculate-the-Angle-Between-Directions' on page 1 undefined on input line 268.


LaTeX Warning: Hyper reference `Generate-and-plot-Fisher-distributed-unit-vectors-from-a-specified-distribution' on page 1 undefined on input line 270.


LaTeX Warning: Hyper reference `Flip-polarity-of-directional-data' on page 1 undefined on input line 271.


LaTeX Warning: Hyper reference `Test-directional-data-for-Fisher-distribution' on page 1 undefined on input line 275.


LaTeX Warning: Hyper reference `Squish-directional-data' on page 1 undefined on input line 277.


LaTeX Warning: Hyper reference `Unsquish-directional-data' on page 1 undefined on input line 278.


LaTeX Warning: Hyper reference `Bootstrap-Reversal-Test' on page 1 undefined on input line 279.


LaTeX Warning: Hyper reference `MM1990' on page 1 undefined on input line 280.


LaTeX Warning: Hyper reference `Working-with-Poles' on page 1 undefined on input line 283.


LaTeX Warning: Hyper reference `Calculate-and-Plot-VGPs' on page 1 undefined on input line 284.


LaTeX Warning: Hyper reference `Plotting-APWPs' on page 1 undefined on input line 285.

LaTeX Font Info:    Try loading font information for OMS+cmr on input line 293.
(/usr/local/texlive/2015/texmf-dist/tex/latex/base/omscmr.fd
File: omscmr.fd 2014/09/29 v2.5h Standard LaTeX font definitions
)
LaTeX Font Info:    Font shape `OMS/cmr/m/n' in size <10> not available
(Font)              Font shape `OMS/cmsy/m/n' tried instead on input line 293.


LaTeX Warning: Hyper reference `Working-with-anisotropy-data' on page 1 undefined on input line 293.


LaTeX Warning: Hyper reference `Curie-temperature-data' on page 1 undefined on input line 295.


LaTeX Warning: Hyper reference `Day-plots' on page 1 undefined on input line 297.


LaTeX Warning: Hyper reference `Hysteresis-Loops' on page 1 undefined on input line 299.


LaTeX Warning: Hyper reference `Demagnetization-Curves' on page 1 undefined on input line 301.


LaTeX Warning: Hyper reference `Interactive-plotting' on page 1 undefined on input line 310.

LaTeX Font Info:    Font shape `OT1/cmtt/bx/n' in size <10> not available
(Font)              Font shape `OT1/cmtt/m/n' tried instead on input line 323.
[1

{/usr/local/texlive/2015/texmf-var/fonts/map/pdftex/updmap/pdftex.map}] <Additional_PmagPy_Examples_files/Additional_PmagPy_Examples_6_0.pdf, id=111, 387.4475pt x 271.0125pt>
File: Additional_PmagPy_Examples_files/Additional_PmagPy_Examples_6_0.pdf Graphic file (type pdf)
 <use Additional_PmagPy_Examples_files/Additional_PmagPy_Examples_6_0.pdf>
Package pdftex.def Info: Additional_PmagPy_Examples_files/Additional_PmagPy_Examples_6_0.pdf used on input line 361.
(pdftex.def)             Requested size: 387.44655pt x 271.01183pt.

Underfull \hbox (badness 10000) in paragraph at lines 363--364

 []


LaTeX Warning: Hyper reference `Jupyter-notebook-demonstrating-the-use-of-additional-PmagPy-functions' on page 2 undefined on input line 366.

(/usr/local/texlive/2015/texmf-dist/tex/latex/ucs/data/uni-0.def
File: uni-0.def 2013/05/13 UCS: Unicode data U+0000..U+00FF
) [2 <./Additional_PmagPy_Examples_files/Additional_PmagPy_Examples_6_0.pdf>]

LaTeX Warning: Hyper reference `Jupyter-notebook-demonstrating-the-use-of-additional-PmagPy-functions' on page 3 undefined on input line 389.

[3] <Additional_PmagPy_Examples_files/Additional_PmagPy_Examples_14_0.pdf, id=126, 352.31625pt x 354.32375pt>
File: Additional_PmagPy_Examples_files/Additional_PmagPy_Examples_14_0.pdf Graphic file (type pdf)
 <use Additional_PmagPy_Examples_files/Additional_PmagPy_Examples_14_0.pdf>
Package pdftex.def Info: Additional_PmagPy_Examples_files/Additional_PmagPy_Examples_14_0.pdf used on input line 465.
(pdftex.def)             Requested size: 352.31538pt x 354.32288pt.

Underfull \hbox (badness 10000) in paragraph at lines 467--468

 []

[4 <./Additional_PmagPy_Examples_files/Additional_PmagPy_Examples_14_0.pdf>] <Additional_PmagPy_Examples_files/Additional_PmagPy_Examples_16_0.pdf, id=260, 636.3775pt x 354.32375pt>
File: Additional_PmagPy_Examples_files/Additional_PmagPy_Examples_16_0.pdf Graphic file (type pdf)
 <use Additional_PmagPy_Examples_files/Additional_PmagPy_Examples_16_0.pdf>
Package pdftex.def Info: Additional_PmagPy_Examples_files/Additional_PmagPy_Examples_16_0.pdf used on input line 515.
(pdftex.def)             Requested size: 636.37595pt x 354.32288pt.

Underfull \hbox (badness 10000) in paragraph at lines 517--518

 []


LaTeX Warning: Hyper reference `Jupyter-notebook-demonstrating-the-use-of-additional-PmagPy-functions' on page 5 undefined on input line 522.

[5 <./Additional_PmagPy_Examples_files/Additional_PmagPy_Examples_16_0.pdf>]

LaTeX Warning: Hyper reference `Jupyter-notebook-demonstrating-the-use-of-additional-PmagPy-functions' on page 6 undefined on input line 547.


Underfull \hbox (badness 2980) in paragraph at lines 572--574
[]\OT1/cmr/m/n/10 This di[]block can be un-packed in sep-a-rate lists of dec-li-na-tion and in-cli-na-tion us-ing the \OT1/cmr/bx/n/10 ip-
 []

[6]
LaTeX Font Info:    Try loading font information for OMS+cmtt on input line 621.
LaTeX Font Info:    No file OMScmtt.fd. on input line 621.


LaTeX Font Warning: Font shape `OMS/cmtt/m/n' undefined
(Font)              using `OMS/cmsy/m/n' instead
(Font)              for symbol `textbraceleft' on input line 621.

<Additional_PmagPy_Examples_files/Additional_PmagPy_Examples_37_0.pdf, id=401, 353.32pt x 354.32375pt>
File: Additional_PmagPy_Examples_files/Additional_PmagPy_Examples_37_0.pdf Graphic file (type pdf)
 <use Additional_PmagPy_Examples_files/Additional_PmagPy_Examples_37_0.pdf>
Package pdftex.def Info: Additional_PmagPy_Examples_files/Additional_PmagPy_Examples_37_0.pdf used on input line 660.
(pdftex.def)             Requested size: 353.31914pt x 354.32288pt.
 [7]
Underfull \hbox (badness 10000) in paragraph at lines 662--663

 []


LaTeX Warning: Hyper reference `Jupyter-notebook-demonstrating-the-use-of-additional-PmagPy-functions' on page 8 undefined on input line 665.

<Additional_PmagPy_Examples_files/Additional_PmagPy_Examples_41_0.pdf, id=409, 353.32pt x 354.32375pt>
File: Additional_PmagPy_Examples_files/Additional_PmagPy_Examples_41_0.pdf Graphic file (type pdf)
 <use Additional_PmagPy_Examples_files/Additional_PmagPy_Examples_41_0.pdf>
Package pdftex.def Info: Additional_PmagPy_Examples_files/Additional_PmagPy_Examples_41_0.pdf used on input line 689.
(pdftex.def)             Requested size: 353.31914pt x 354.32288pt.
 [8 <./Additional_PmagPy_Examples_files/Additional_PmagPy_Examples_37_0.pdf>]
Underfull \hbox (badness 10000) in paragraph at lines 691--692

 []


LaTeX Warning: Hyper reference `Jupyter-notebook-demonstrating-the-use-of-additional-PmagPy-functions' on page 9 undefined on input line 694.

<Additional_PmagPy_Examples_files/Additional_PmagPy_Examples_45_1.pdf, id=549, 392.46625pt x 281.05pt>
File: Additional_PmagPy_Examples_files/Additional_PmagPy_Examples_45_1.pdf Graphic file (type pdf)
 <use Additional_PmagPy_Examples_files/Additional_PmagPy_Examples_45_1.pdf>
Package pdftex.def Info: Additional_PmagPy_Examples_files/Additional_PmagPy_Examples_45_1.pdf used on input line 720.
(pdftex.def)             Requested size: 392.46527pt x 281.0493pt.
 [9 <./Additional_PmagPy_Examples_files/Additional_PmagPy_Examples_41_0.pdf>]
Underfull \hbox (badness 10000) in paragraph at lines 722--723

 []

<Additional_PmagPy_Examples_files/Additional_PmagPy_Examples_45_2.pdf, id=837, 399.4925pt x 281.05pt>
File: Additional_PmagPy_Examples_files/Additional_PmagPy_Examples_45_2.pdf Graphic file (type pdf)
 <use Additional_PmagPy_Examples_files/Additional_PmagPy_Examples_45_2.pdf>
Package pdftex.def Info: Additional_PmagPy_Examples_files/Additional_PmagPy_Examples_45_2.pdf used on input line 725.
(pdftex.def)             Requested size: 399.49152pt x 281.0493pt.

Underfull \hbox (badness 10000) in paragraph at lines 727--728

 []


LaTeX Warning: Hyper reference `Jupyter-notebook-demonstrating-the-use-of-additional-PmagPy-functions' on page 10 undefined on input line 730.

[10 <./Additional_PmagPy_Examples_files/Additional_PmagPy_Examples_45_1.pdf> <./Additional_PmagPy_Examples_files/Additional_PmagPy_Examples_45_2.pdf

pdfTeX warning: /usr/local/texlive/2015/bin/x86_64-darwin/pdflatex (file ./Additional_PmagPy_Examples_files/Additional_PmagPy_Examples_45_2.pdf): PDF inclusion: multiple pdfs with page group included in a single page
>] <Additional_PmagPy_Examples_files/Additional_PmagPy_Examples_49_0.pdf, id=851, 352.31625pt x 354.32375pt>
File: Additional_PmagPy_Examples_files/Additional_PmagPy_Examples_49_0.pdf Graphic file (type pdf)
 <use Additional_PmagPy_Examples_files/Additional_PmagPy_Examples_49_0.pdf>
Package pdftex.def Info: Additional_PmagPy_Examples_files/Additional_PmagPy_Examples_49_0.pdf used on input line 754.
(pdftex.def)             Requested size: 352.31538pt x 354.32288pt.

Underfull \hbox (badness 10000) in paragraph at lines 756--757

 []

[11 <./Additional_PmagPy_Examples_files/Additional_PmagPy_Examples_49_0.pdf>]

LaTeX Warning: Hyper reference `Jupyter-notebook-demonstrating-the-use-of-additional-PmagPy-functions' on page 12 undefined on input line 773.

<Additional_PmagPy_Examples_files/Additional_PmagPy_Examples_54_0.pdf, id=985, 352.31625pt x 354.32375pt>
File: Additional_PmagPy_Examples_files/Additional_PmagPy_Examples_54_0.pdf Graphic file (type pdf)
 <use Additional_PmagPy_Examples_files/Additional_PmagPy_Examples_54_0.pdf>
Package pdftex.def Info: Additional_PmagPy_Examples_files/Additional_PmagPy_Examples_54_0.pdf used on input line 794.
(pdftex.def)             Requested size: 352.31538pt x 354.32288pt.
 [12]
Underfull \hbox (badness 10000) in paragraph at lines 796--797

 []


LaTeX Warning: Hyper reference `Jupyter-notebook-demonstrating-the-use-of-additional-PmagPy-functions' on page 13 undefined on input line 799.

<Additional_PmagPy_Examples_files/Additional_PmagPy_Examples_58_0.pdf, id=990, 352.31625pt x 354.32375pt>
File: Additional_PmagPy_Examples_files/Additional_PmagPy_Examples_58_0.pdf Graphic file (type pdf)
 <use Additional_PmagPy_Examples_files/Additional_PmagPy_Examples_58_0.pdf>
Package pdftex.def Info: Additional_PmagPy_Examples_files/Additional_PmagPy_Examples_58_0.pdf used on input line 823.
(pdftex.def)             Requested size: 352.31538pt x 354.32288pt.
 [13 <./Additional_PmagPy_Examples_files/Additional_PmagPy_Examples_54_0.pdf>]
Underfull \hbox (badness 10000) in paragraph at lines 825--826

 []

<Additional_PmagPy_Examples_files/Additional_PmagPy_Examples_59_1.pdf, id=1125, 281.05pt x 282.05376pt>
File: Additional_PmagPy_Examples_files/Additional_PmagPy_Examples_59_1.pdf Graphic file (type pdf)
 <use Additional_PmagPy_Examples_files/Additional_PmagPy_Examples_59_1.pdf>
Package pdftex.def Info: Additional_PmagPy_Examples_files/Additional_PmagPy_Examples_59_1.pdf used on input line 838.
(pdftex.def)             Requested size: 281.0493pt x 282.05305pt.
 [14 <./Additional_PmagPy_Examples_files/Additional_PmagPy_Examples_58_0.pdf>]
Underfull \hbox (badness 10000) in paragraph at lines 840--841

 []

<Additional_PmagPy_Examples_files/Additional_PmagPy_Examples_59_2.pdf, id=1349, 498.86375pt x 160.6pt>
File: Additional_PmagPy_Examples_files/Additional_PmagPy_Examples_59_2.pdf Graphic file (type pdf)
 <use Additional_PmagPy_Examples_files/Additional_PmagPy_Examples_59_2.pdf>
Package pdftex.def Info: Additional_PmagPy_Examples_files/Additional_PmagPy_Examples_59_2.pdf used on input line 843.
(pdftex.def)             Requested size: 498.86253pt x 160.5996pt.

Underfull \hbox (badness 10000) in paragraph at lines 845--846

 []


LaTeX Warning: Hyper reference `Jupyter-notebook-demonstrating-the-use-of-additional-PmagPy-functions' on page 15 undefined on input line 848.

[15 <./Additional_PmagPy_Examples_files/Additional_PmagPy_Examples_59_1.pdf> <./Additional_PmagPy_Examples_files/Additional_PmagPy_Examples_59_2.pdf

pdfTeX warning: /usr/local/texlive/2015/bin/x86_64-darwin/pdflatex (file ./Additional_PmagPy_Examples_files/Additional_PmagPy_Examples_59_2.pdf): PDF inclusion: multiple pdfs with page group included in a single page
>] <Additional_PmagPy_Examples_files/Additional_PmagPy_Examples_62_1.pdf, id=1629, 281.05pt x 282.05376pt>
File: Additional_PmagPy_Examples_files/Additional_PmagPy_Examples_62_1.pdf Graphic file (type pdf)
 <use Additional_PmagPy_Examples_files/Additional_PmagPy_Examples_62_1.pdf>
Package pdftex.def Info: Additional_PmagPy_Examples_files/Additional_PmagPy_Examples_62_1.pdf used on input line 876.
(pdftex.def)             Requested size: 281.0493pt x 282.05305pt.

Underfull \hbox (badness 10000) in paragraph at lines 878--879

 []

<Additional_PmagPy_Examples_files/Additional_PmagPy_Examples_62_2.pdf, id=1630, 250.9375pt x 187.70125pt>
File: Additional_PmagPy_Examples_files/Additional_PmagPy_Examples_62_2.pdf Graphic file (type pdf)
 <use Additional_PmagPy_Examples_files/Additional_PmagPy_Examples_62_2.pdf>
Package pdftex.def Info: Additional_PmagPy_Examples_files/Additional_PmagPy_Examples_62_2.pdf used on input line 881.
(pdftex.def)             Requested size: 250.93687pt x 187.70079pt.
 [16 <./Additional_PmagPy_Examples_files/Additional_PmagPy_Examples_62_1.pdf>]
Underfull \hbox (badness 10000) in paragraph at lines 883--884

 []


LaTeX Warning: Hyper reference `Jupyter-notebook-demonstrating-the-use-of-additional-PmagPy-functions' on page 17 undefined on input line 886.

[17 <./Additional_PmagPy_Examples_files/Additional_PmagPy_Examples_62_2.pdf>] <Additional_PmagPy_Examples_files/Additional_PmagPy_Examples_66_0.pdf, id=1870, 294.09875pt x 294.09875pt>
File: Additional_PmagPy_Examples_files/Additional_PmagPy_Examples_66_0.pdf Graphic file (type pdf)
 <use Additional_PmagPy_Examples_files/Additional_PmagPy_Examples_66_0.pdf>
Package pdftex.def Info: Additional_PmagPy_Examples_files/Additional_PmagPy_Examples_66_0.pdf used on input line 927.
(pdftex.def)             Requested size: 294.09802pt x 294.09802pt.

Underfull \hbox (badness 10000) in paragraph at lines 929--930

 []


LaTeX Warning: Hyper reference `Jupyter-notebook-demonstrating-the-use-of-additional-PmagPy-functions' on page 18 undefined on input line 932.

[18 <./Additional_PmagPy_Examples_files/Additional_PmagPy_Examples_66_0.pdf>] [19] <Additional_PmagPy_Examples_files/Additional_PmagPy_Examples_73_1.pdf, id=2272, 350.30875pt x 350.30875pt>
File: Additional_PmagPy_Examples_files/Additional_PmagPy_Examples_73_1.pdf Graphic file (type pdf)
 <use Additional_PmagPy_Examples_files/Additional_PmagPy_Examples_73_1.pdf>
Package pdftex.def Info: Additional_PmagPy_Examples_files/Additional_PmagPy_Examples_73_1.pdf used on input line 1026.
(pdftex.def)             Requested size: 350.30789pt x 350.30789pt.

Underfull \hbox (badness 10000) in paragraph at lines 1028--1029

 []


LaTeX Warning: Hyper reference `Jupyter-notebook-demonstrating-the-use-of-additional-PmagPy-functions' on page 20 undefined on input line 1031.

[20 <./Additional_PmagPy_Examples_files/Additional_PmagPy_Examples_73_1.pdf>] <Additional_PmagPy_Examples_files/Additional_PmagPy_Examples_78_0.pdf, id=2602, 338.26375pt x 378.41376pt>
File: Additional_PmagPy_Examples_files/Additional_PmagPy_Examples_78_0.pdf Graphic file (type pdf)
 <use Additional_PmagPy_Examples_files/Additional_PmagPy_Examples_78_0.pdf>
Package pdftex.def Info: Additional_PmagPy_Examples_files/Additional_PmagPy_Examples_78_0.pdf used on input line 1099.
(pdftex.def)             Requested size: 338.26291pt x 378.41283pt.
 [21]
Underfull \hbox (badness 10000) in paragraph at lines 1101--1102

 []


LaTeX Warning: Hyper reference `Jupyter-notebook-demonstrating-the-use-of-additional-PmagPy-functions' on page 22 undefined on input line 1104.

[22 <./Additional_PmagPy_Examples_files/Additional_PmagPy_Examples_78_0.pdf>] <Additional_PmagPy_Examples_files/Additional_PmagPy_Examples_84_0.pdf, id=3160, 661.47125pt x 545.03625pt>
File: Additional_PmagPy_Examples_files/Additional_PmagPy_Examples_84_0.pdf Graphic file (type pdf)
 <use Additional_PmagPy_Examples_files/Additional_PmagPy_Examples_84_0.pdf>
Package pdftex.def Info: Additional_PmagPy_Examples_files/Additional_PmagPy_Examples_84_0.pdf used on input line 1163.
(pdftex.def)             Requested size: 661.46964pt x 545.03493pt.
 [23]
Underfull \hbox (badness 10000) in paragraph at lines 1165--1166

 []


LaTeX Warning: Hyper reference `Jupyter-notebook-demonstrating-the-use-of-additional-PmagPy-functions' on page 24 undefined on input line 1168.

<Additional_PmagPy_Examples_files/Additional_PmagPy_Examples_87_1.pdf, id=3165, 338.26375pt x 336.25626pt>
File: Additional_PmagPy_Examples_files/Additional_PmagPy_Examples_87_1.pdf Graphic file (type pdf)
 <use Additional_PmagPy_Examples_files/Additional_PmagPy_Examples_87_1.pdf>
Package pdftex.def Info: Additional_PmagPy_Examples_files/Additional_PmagPy_Examples_87_1.pdf used on input line 1183.
(pdftex.def)             Requested size: 338.26291pt x 336.25543pt.
 [24 <./Additional_PmagPy_Examples_files/Additional_PmagPy_Examples_84_0.pdf>]
Underfull \hbox (badness 10000) in paragraph at lines 1185--1186

 []

<Additional_PmagPy_Examples_files/Additional_PmagPy_Examples_87_2.pdf, id=3194, 338.26375pt x 336.25626pt>
File: Additional_PmagPy_Examples_files/Additional_PmagPy_Examples_87_2.pdf Graphic file (type pdf)
 <use Additional_PmagPy_Examples_files/Additional_PmagPy_Examples_87_2.pdf>
Package pdftex.def Info: Additional_PmagPy_Examples_files/Additional_PmagPy_Examples_87_2.pdf used on input line 1188.
(pdftex.def)             Requested size: 338.26291pt x 336.25543pt.
 [25 <./Additional_PmagPy_Examples_files/Additional_PmagPy_Examples_87_1.pdf>]
Underfull \hbox (badness 10000) in paragraph at lines 1190--1191

 []

<Additional_PmagPy_Examples_files/Additional_PmagPy_Examples_87_3.pdf, id=3208, 344.28625pt x 336.25626pt>
File: Additional_PmagPy_Examples_files/Additional_PmagPy_Examples_87_3.pdf Graphic file (type pdf)
 <use Additional_PmagPy_Examples_files/Additional_PmagPy_Examples_87_3.pdf>
Package pdftex.def Info: Additional_PmagPy_Examples_files/Additional_PmagPy_Examples_87_3.pdf used on input line 1193.
(pdftex.def)             Requested size: 344.2854pt x 336.25543pt.
 [26 <./Additional_PmagPy_Examples_files/Additional_PmagPy_Examples_87_2.pdf>]
Underfull \hbox (badness 10000) in paragraph at lines 1195--1196

 []

<Additional_PmagPy_Examples_files/Additional_PmagPy_Examples_87_4.pdf, id=3221, 338.26375pt x 336.25626pt>
File: Additional_PmagPy_Examples_files/Additional_PmagPy_Examples_87_4.pdf Graphic file (type pdf)
 <use Additional_PmagPy_Examples_files/Additional_PmagPy_Examples_87_4.pdf>
Package pdftex.def Info: Additional_PmagPy_Examples_files/Additional_PmagPy_Examples_87_4.pdf used on input line 1198.
(pdftex.def)             Requested size: 338.26291pt x 336.25543pt.
 [27 <./Additional_PmagPy_Examples_files/Additional_PmagPy_Examples_87_3.pdf>]
Underfull \hbox (badness 10000) in paragraph at lines 1200--1201

 []


LaTeX Warning: Hyper reference `Jupyter-notebook-demonstrating-the-use-of-additional-PmagPy-functions' on page 28 undefined on input line 1203.

<Additional_PmagPy_Examples_files/Additional_PmagPy_Examples_91_0.pdf, id=3231, 336.25626pt x 336.25626pt>
File: Additional_PmagPy_Examples_files/Additional_PmagPy_Examples_91_0.pdf Graphic file (type pdf)
 <use Additional_PmagPy_Examples_files/Additional_PmagPy_Examples_91_0.pdf>
Package pdftex.def Info: Additional_PmagPy_Examples_files/Additional_PmagPy_Examples_91_0.pdf used on input line 1218.
(pdftex.def)             Requested size: 336.25543pt x 336.25543pt.
 [28 <./Additional_PmagPy_Examples_files/Additional_PmagPy_Examples_87_4.pdf>]
Underfull \hbox (badness 10000) in paragraph at lines 1220--1221

 []

<Additional_PmagPy_Examples_files/Additional_PmagPy_Examples_91_1.pdf, id=3241, 340.27126pt x 336.25626pt>
File: Additional_PmagPy_Examples_files/Additional_PmagPy_Examples_91_1.pdf Graphic file (type pdf)
 <use Additional_PmagPy_Examples_files/Additional_PmagPy_Examples_91_1.pdf>
Package pdftex.def Info: Additional_PmagPy_Examples_files/Additional_PmagPy_Examples_91_1.pdf used on input line 1223.
(pdftex.def)             Requested size: 340.27042pt x 336.25543pt.
 [29 <./Additional_PmagPy_Examples_files/Additional_PmagPy_Examples_91_0.pdf>]
Underfull \hbox (badness 10000) in paragraph at lines 1225--1226

 []

<Additional_PmagPy_Examples_files/Additional_PmagPy_Examples_91_2.pdf, id=3269, 340.27126pt x 336.25626pt>
File: Additional_PmagPy_Examples_files/Additional_PmagPy_Examples_91_2.pdf Graphic file (type pdf)
 <use Additional_PmagPy_Examples_files/Additional_PmagPy_Examples_91_2.pdf>
Package pdftex.def Info: Additional_PmagPy_Examples_files/Additional_PmagPy_Examples_91_2.pdf used on input line 1228.
(pdftex.def)             Requested size: 340.27042pt x 336.25543pt.
 [30 <./Additional_PmagPy_Examples_files/Additional_PmagPy_Examples_91_1.pdf>]
Underfull \hbox (badness 10000) in paragraph at lines 1230--1231

 []


LaTeX Warning: Hyper reference `Jupyter-notebook-demonstrating-the-use-of-additional-PmagPy-functions' on page 31 undefined on input line 1239.


Underfull \hbox (badness 1062) in paragraph at lines 1243--1245
\OT1/cmr/m/n/10 The func-tion \OT1/cmr/bx/n/10 ip-mag.hysteresis[]magic \OT1/cmr/m/n/10 also gen-er-ates a set of hys-tere-sis plots with data from a
 []

<Additional_PmagPy_Examples_files/Additional_PmagPy_Examples_95_1.pdf, id=3279, 571.13374pt x 572.1375pt>
File: Additional_PmagPy_Examples_files/Additional_PmagPy_Examples_95_1.pdf Graphic file (type pdf)
 <use Additional_PmagPy_Examples_files/Additional_PmagPy_Examples_95_1.pdf>
Package pdftex.def Info: Additional_PmagPy_Examples_files/Additional_PmagPy_Examples_95_1.pdf used on input line 1257.
(pdftex.def)             Requested size: 571.13235pt x 572.1361pt.
 [31 <./Additional_PmagPy_Examples_files/Additional_PmagPy_Examples_91_2.pdf>]
Underfull \hbox (badness 10000) in paragraph at lines 1259--1260

 []

<Additional_PmagPy_Examples_files/Additional_PmagPy_Examples_95_3.pdf, id=3290, 571.13374pt x 572.1375pt>
File: Additional_PmagPy_Examples_files/Additional_PmagPy_Examples_95_3.pdf Graphic file (type pdf)
 <use Additional_PmagPy_Examples_files/Additional_PmagPy_Examples_95_3.pdf>
Package pdftex.def Info: Additional_PmagPy_Examples_files/Additional_PmagPy_Examples_95_3.pdf used on input line 1266.
(pdftex.def)             Requested size: 571.13235pt x 572.1361pt.
 [32 <./Additional_PmagPy_Examples_files/Additional_PmagPy_Examples_95_1.pdf>]
Underfull \hbox (badness 10000) in paragraph at lines 1268--1269

 []

<Additional_PmagPy_Examples_files/Additional_PmagPy_Examples_95_5.pdf, id=3328, 571.13374pt x 572.1375pt>
File: Additional_PmagPy_Examples_files/Additional_PmagPy_Examples_95_5.pdf Graphic file (type pdf)
 <use Additional_PmagPy_Examples_files/Additional_PmagPy_Examples_95_5.pdf>
Package pdftex.def Info: Additional_PmagPy_Examples_files/Additional_PmagPy_Examples_95_5.pdf used on input line 1275.
(pdftex.def)             Requested size: 571.13235pt x 572.1361pt.
 [33 <./Additional_PmagPy_Examples_files/Additional_PmagPy_Examples_95_3.pdf>]
Underfull \hbox (badness 10000) in paragraph at lines 1277--1278

 []

<Additional_PmagPy_Examples_files/Additional_PmagPy_Examples_95_7.pdf, id=3365, 571.13374pt x 572.1375pt>
File: Additional_PmagPy_Examples_files/Additional_PmagPy_Examples_95_7.pdf Graphic file (type pdf)
 <use Additional_PmagPy_Examples_files/Additional_PmagPy_Examples_95_7.pdf>
Package pdftex.def Info: Additional_PmagPy_Examples_files/Additional_PmagPy_Examples_95_7.pdf used on input line 1284.
(pdftex.def)             Requested size: 571.13235pt x 572.1361pt.
 [34 <./Additional_PmagPy_Examples_files/Additional_PmagPy_Examples_95_5.pdf>]
Underfull \hbox (badness 10000) in paragraph at lines 1286--1287

 []

<Additional_PmagPy_Examples_files/Additional_PmagPy_Examples_95_9.pdf, id=3402, 571.13374pt x 572.1375pt>
File: Additional_PmagPy_Examples_files/Additional_PmagPy_Examples_95_9.pdf Graphic file (type pdf)
 <use Additional_PmagPy_Examples_files/Additional_PmagPy_Examples_95_9.pdf>
Package pdftex.def Info: Additional_PmagPy_Examples_files/Additional_PmagPy_Examples_95_9.pdf used on input line 1293.
(pdftex.def)             Requested size: 571.13235pt x 572.1361pt.
 [35 <./Additional_PmagPy_Examples_files/Additional_PmagPy_Examples_95_7.pdf>]
Underfull \hbox (badness 10000) in paragraph at lines 1295--1296

 []

<Additional_PmagPy_Examples_files/Additional_PmagPy_Examples_95_11.pdf, id=3439, 571.13374pt x 572.1375pt>
File: Additional_PmagPy_Examples_files/Additional_PmagPy_Examples_95_11.pdf Graphic file (type pdf)
 <use Additional_PmagPy_Examples_files/Additional_PmagPy_Examples_95_11.pdf>
Package pdftex.def Info: Additional_PmagPy_Examples_files/Additional_PmagPy_Examples_95_11.pdf used on input line 1302.
(pdftex.def)             Requested size: 571.13235pt x 572.1361pt.
 [36 <./Additional_PmagPy_Examples_files/Additional_PmagPy_Examples_95_9.pdf>]
Underfull \hbox (badness 10000) in paragraph at lines 1304--1305

 []

<Additional_PmagPy_Examples_files/Additional_PmagPy_Examples_95_13.pdf, id=3477, 571.13374pt x 572.1375pt>
File: Additional_PmagPy_Examples_files/Additional_PmagPy_Examples_95_13.pdf Graphic file (type pdf)
 <use Additional_PmagPy_Examples_files/Additional_PmagPy_Examples_95_13.pdf>
Package pdftex.def Info: Additional_PmagPy_Examples_files/Additional_PmagPy_Examples_95_13.pdf used on input line 1311.
(pdftex.def)             Requested size: 571.13235pt x 572.1361pt.
 [37 <./Additional_PmagPy_Examples_files/Additional_PmagPy_Examples_95_11.pdf>]
Underfull \hbox (badness 10000) in paragraph at lines 1313--1314

 []

<Additional_PmagPy_Examples_files/Additional_PmagPy_Examples_95_15.pdf, id=3515, 571.13374pt x 572.1375pt>
File: Additional_PmagPy_Examples_files/Additional_PmagPy_Examples_95_15.pdf Graphic file (type pdf)
 <use Additional_PmagPy_Examples_files/Additional_PmagPy_Examples_95_15.pdf>
Package pdftex.def Info: Additional_PmagPy_Examples_files/Additional_PmagPy_Examples_95_15.pdf used on input line 1320.
(pdftex.def)             Requested size: 571.13235pt x 572.1361pt.
 [38 <./Additional_PmagPy_Examples_files/Additional_PmagPy_Examples_95_13.pdf>]
Underfull \hbox (badness 10000) in paragraph at lines 1322--1323

 []


LaTeX Warning: Hyper reference `Jupyter-notebook-demonstrating-the-use-of-additional-PmagPy-functions' on page 39 undefined on input line 1325.

[39 <./Additional_PmagPy_Examples_files/Additional_PmagPy_Examples_95_15.pdf>] <Additional_PmagPy_Examples_files/Additional_PmagPy_Examples_99_1.pdf, id=3588, 338.26375pt x 336.25626pt>
File: Additional_PmagPy_Examples_files/Additional_PmagPy_Examples_99_1.pdf Graphic file (type pdf)
 <use Additional_PmagPy_Examples_files/Additional_PmagPy_Examples_99_1.pdf>
Package pdftex.def Info: Additional_PmagPy_Examples_files/Additional_PmagPy_Examples_99_1.pdf used on input line 1354.
(pdftex.def)             Requested size: 338.26291pt x 336.25543pt.

Underfull \hbox (badness 10000) in paragraph at lines 1356--1357

 []


LaTeX Warning: Hyper reference `Jupyter-notebook-demonstrating-the-use-of-additional-PmagPy-functions' on page 40 undefined on input line 1359.

[40 <./Additional_PmagPy_Examples_files/Additional_PmagPy_Examples_99_1.pdf>] <Additional_PmagPy_Examples_files/Additional_PmagPy_Examples_105_0.pdf, id=3669, 425.59pt x 426.59375pt>
File: Additional_PmagPy_Examples_files/Additional_PmagPy_Examples_105_0.pdf Graphic file (type pdf)
 <use Additional_PmagPy_Examples_files/Additional_PmagPy_Examples_105_0.pdf>
Package pdftex.def Info: Additional_PmagPy_Examples_files/Additional_PmagPy_Examples_105_0.pdf used on input line 1422.
(pdftex.def)             Requested size: 425.58894pt x 426.5927pt.
 [41]
Underfull \hbox (badness 10000) in paragraph at lines 1424--1425

 []

<Additional_PmagPy_Examples_files/Additional_PmagPy_Examples_107_1.pdf, id=3674, 338.26375pt x 336.25626pt>
File: Additional_PmagPy_Examples_files/Additional_PmagPy_Examples_107_1.pdf Graphic file (type pdf)
 <use Additional_PmagPy_Examples_files/Additional_PmagPy_Examples_107_1.pdf>
Package pdftex.def Info: Additional_PmagPy_Examples_files/Additional_PmagPy_Examples_107_1.pdf used on input line 1440.
(pdftex.def)             Requested size: 338.26291pt x 336.25543pt.
 [42 <./Additional_PmagPy_Examples_files/Additional_PmagPy_Examples_105_0.pdf>]
Underfull \hbox (badness 10000) in paragraph at lines 1442--1443

 []

<Additional_PmagPy_Examples_files/Additional_PmagPy_Examples_107_2.pdf, id=3808, 338.26375pt x 336.25626pt>
File: Additional_PmagPy_Examples_files/Additional_PmagPy_Examples_107_2.pdf Graphic file (type pdf)
 <use Additional_PmagPy_Examples_files/Additional_PmagPy_Examples_107_2.pdf>
Package pdftex.def Info: Additional_PmagPy_Examples_files/Additional_PmagPy_Examples_107_2.pdf used on input line 1445.
(pdftex.def)             Requested size: 338.26291pt x 336.25543pt.
 [43 <./Additional_PmagPy_Examples_files/Additional_PmagPy_Examples_107_1.pdf>]
Underfull \hbox (badness 10000) in paragraph at lines 1447--1448

 []

<Additional_PmagPy_Examples_files/Additional_PmagPy_Examples_107_3.pdf, id=3822, 344.28625pt x 336.25626pt>
File: Additional_PmagPy_Examples_files/Additional_PmagPy_Examples_107_3.pdf Graphic file (type pdf)
 <use Additional_PmagPy_Examples_files/Additional_PmagPy_Examples_107_3.pdf>
Package pdftex.def Info: Additional_PmagPy_Examples_files/Additional_PmagPy_Examples_107_3.pdf used on input line 1450.
(pdftex.def)             Requested size: 344.2854pt x 336.25543pt.
 [44 <./Additional_PmagPy_Examples_files/Additional_PmagPy_Examples_107_2.pdf>]
Underfull \hbox (badness 10000) in paragraph at lines 1452--1453

 []

<Additional_PmagPy_Examples_files/Additional_PmagPy_Examples_107_4.pdf, id=3835, 338.26375pt x 336.25626pt>
File: Additional_PmagPy_Examples_files/Additional_PmagPy_Examples_107_4.pdf Graphic file (type pdf)
 <use Additional_PmagPy_Examples_files/Additional_PmagPy_Examples_107_4.pdf>
Package pdftex.def Info: Additional_PmagPy_Examples_files/Additional_PmagPy_Examples_107_4.pdf used on input line 1455.
(pdftex.def)             Requested size: 338.26291pt x 336.25543pt.
 [45 <./Additional_PmagPy_Examples_files/Additional_PmagPy_Examples_107_3.pdf>]
Underfull \hbox (badness 10000) in paragraph at lines 1457--1458

 []


LaTeX Warning: Hyper reference `Jupyter-notebook-demonstrating-the-use-of-additional-PmagPy-functions' on page 46 undefined on input line 1460.

Package atveryend Info: Empty hook `BeforeClearDocument' on input line 1471.
[46 <./Additional_PmagPy_Examples_files/Additional_PmagPy_Examples_107_4.pdf>]
Package atveryend Info: Empty hook `AfterLastShipout' on input line 1471.
 (/Users/Laurentia/0000_Github/2016_Tauxe-et-al_PmagPy_Notebooks/output_latex/.texpadtmp/Additional_PmagPy_Examples.aux)
Package atveryend Info: Executing hook `AtVeryEndDocument' on input line 1471.
Package atveryend Info: Executing hook `AtEndAfterFileList' on input line 1471.
Package rerunfilecheck Info: File `Additional_PmagPy_Examples.out' has not changed.
(rerunfilecheck)             Checksum: <no file>.


LaTeX Font Warning: Some font shapes were not available, defaults substituted.


LaTeX Warning: There were undefined references.

Package atveryend Info: Empty hook `AtVeryVeryEnd' on input line 1471.
 )
(\end occurred inside a group at level 1)

### simple group (level 1) entered at line 246 ({)
### bottom level 
Here is how much of TeX's memory you used:
 9077 strings out of 493089
 142850 string characters out of 6134842
 234384 words of memory out of 5000000
 12335 multiletter control sequences out of 15000+600000
 8311 words of font info for 33 fonts, out of 8000000 for 9000
 1141 hyphenation exceptions out of 8191
 36i,5n,35p,582b,550s stack positions out of 5000i,500n,10000p,200000b,80000s
</usr/local/texlive/2015/texmf-dist/fonts/type1/public/amsfonts/cm/cmbx10.pfb></usr/local/texlive/2015/texmf-dist/fonts/type1/public/amsfonts/cm/cmbx12.pfb></usr/local/texlive/2015/texmf-dist/fonts/type1/public/amsfonts/cm/cmbxti10.pfb></usr/local/texlive/2015/texmf-dist/fonts/type1/public/amsfonts/cm/cmitt10.pfb></usr/local/texlive/2015/texmf-dist/fonts/type1/public/amsfonts/cm/cmmi10.pfb></usr/local/texlive/2015/texmf-dist/fonts/type1/public/amsfonts/cm/cmr10.pfb></usr/local/texlive/2015/texmf-dist/fonts/type1/public/amsfonts/cm/cmr7.pfb></usr/local/texlive/2015/texmf-dist/fonts/type1/public/amsfonts/cm/cmsy10.pfb></usr/local/texlive/2015/texmf-dist/fonts/type1/public/amsfonts/cm/cmsy7.pfb></usr/local/texlive/2015/texmf-dist/fonts/type1/public/amsfonts/cm/cmti10.pfb></usr/local/texlive/2015/texmf-dist/fonts/type1/public/amsfonts/cm/cmtt10.pfb>
Output written on /Users/Laurentia/0000_Github/2016_Tauxe-et-al_PmagPy_Notebooks/output_latex/.texpadtmp/Additional_PmagPy_Examples.pdf (46 pages, 1856596 bytes).
PDF statistics:
 3910 PDF objects out of 4296 (max. 8388607)
 2647 compressed objects within 27 object streams
 70 named destinations out of 1000 (max. 500000)
 380 words of extra memory for PDF output out of 10000 (max. 10000000)

