\BOOKMARK [1][-]{section.1}{Contents of the notebook}{}% 1
\BOOKMARK [2][-]{subsection.1.1}{Paleomagnetic Data Analysis Walkthrough}{section.1}% 2
\BOOKMARK [2][-]{subsection.1.2}{Rock Magnetism Data Analysis}{section.1}% 3
\BOOKMARK [2][-]{subsection.1.3}{Additional Features of the Jupyter Notebook}{section.1}% 4
\BOOKMARK [1][-]{section.2}{The dipole equation}{}% 5
\BOOKMARK [1][-]{section.3}{Get local geomagnetic field estimate from IGRF}{}% 6
\BOOKMARK [1][-]{section.4}{Plotting Directions}{}% 7
\BOOKMARK [1][-]{section.5}{Calculate the Angle Between Directions}{}% 8
\BOOKMARK [1][-]{section.6}{Generate and plot Fisher distributed unit vectors from a specified distribution}{}% 9
\BOOKMARK [1][-]{section.7}{Flip polarity of directional data}{}% 10
\BOOKMARK [1][-]{section.8}{Test directional data for Fisher distribution}{}% 11
\BOOKMARK [1][-]{section.9}{Squish directional data}{}% 12
\BOOKMARK [1][-]{section.10}{Unsquish directional data}{}% 13
\BOOKMARK [1][-]{section.11}{Bootstrap Reversal Test}{}% 14
\BOOKMARK [1][-]{section.12}{Working with Poles}{}% 15
\BOOKMARK [1][-]{section.13}{Calculate and Plot VGPs}{}% 16
\BOOKMARK [1][-]{section.14}{Plotting APWPs}{}% 17
\BOOKMARK [1][-]{section.15}{Working with anisotropy data}{}% 18
\BOOKMARK [1][-]{section.16}{Curie temperature data}{}% 19
\BOOKMARK [1][-]{section.17}{Day plots}{}% 20
\BOOKMARK [1][-]{section.18}{Hysteresis Loops}{}% 21
\BOOKMARK [1][-]{section.19}{Demagnetization Curves}{}% 22
\BOOKMARK [1][-]{section.20}{Interactive plotting}{}% 23
